Статус код: 200
Ответ: {"type":"OK","phone":"79585824805","token":"$2y$10$VGRyl3aXeo5ZW3c4NDPm6uxVr3Ebv7Di9kgZf95giN3TBpPp\/faYi","sms":{"request_id":"67e3c368-7fb6-450e-b81f-d0f9d939feaa"}}
Статус код: 200
Ответ: {"type":"OK","phone":"79320007862","token":"$2y$10$N.7FQl7pVVzlmz3wsM79Fuq6Yg0Khr69DASGtUIaYGPaycnroV7Zi","sms":{"request_id":"73bc4165-7940-4a61-afec-a18c0f694612"}}
Статус код: 200
Ответ: {"type":"OK","phone":"79390098940","token":"$2y$10$usI3BdfFT5W5VNXJptq2\/.VuMMWFDC1PIjj6.XvtP.e56fFmjsJTq","sms":{"request_id":"8cb5683d-fe2f-4ce0-af52-01f178f1e202"}}
Статус код: 200
Ответ: {"type":"OK","phone":"79390097276","token":"$2y$10$C\/juweJIRdEpnn8qezEeW.U6V1htoUvFnvq.0HAYjGr1Vd2uz4N1e","sms":{"request_id":"7b880b8e-8d03-49e8-99b2-1beeada07a71"}}
Статус код: 200
Ответ: {"type":"OK","phone":"79585836468","token":"$2y$10$hvWB1jnkthHs46A74Epekeney.2kJh9YpikfI5cqs.yQl2i0cAapa","sms":{"request_id":"bfde33c6-c241-4766-aaf6-4502fc528611"}}
Статус код: 200
Ответ: {"type":"OK","phone":"79585777968","token":"$2y$10$qqL53S1hHymGTeXWa135ou2aWv\/UR7XLlFdhxmCdNGJnEt6kLypBy","sms":{"request_id":"319be6d9-a6b5-4b41-b4f3-146f96d20e54"}}
Статус код: 200
Ответ: {"type":"OK","phone":"79585825868","token":"$2y$10$del7Tbrx0cAk7IrTMvuyYuy5NNlOKkk3Bu.Ms.XsoWTT2ZjCYPI5C","sms":{"request_id":"2cacaaa6-493e-45d3-bfc5-f725c4d92973"}}
Статус код: 200
Ответ: {"type":"OK","phone":"79585826359","token":"$2y$10$S8B0\/39fRVUxjgh3mTz\/A.2YlpCvTHfud9\/oj9hasoNkJwI6kw80.","sms":{"request_id":"e0d70adf-30b8-46de-be63-eaa7bcaccd81"}}
Статус код: 200
Ответ: {"type":"OK","phone":"79585825747","token":"$2y$10$SLuKYRpw7yS8VM0hmn4cx.zzjmnLKnZLUPoTV9xKHZvcEaGjqaBw2","sms":{"request_id":"2a6c1271-607f-497a-bc62-f79fba86a231"}}
Статус код: 200
Ответ: {"type":"OK","phone":"79585814298","token":"$2y$10$vNK9qfbIedCV2f9VyaYp0eTGJhD83o6znLeKa\/g.jcrKv\/ODlqSgu","sms":{"request_id":"4dbb9471-3d86-48f7-9593-03679c2866d0"}}
Статус код: 200
Ответ: {"type":"OK","phone":"79390093319","token":"$2y$10$2ZiI28ingsc03ZHCafCFWO56YRdPpcHxVTlaxuzDGiWzNNgvfbrTq","sms":{"request_id":"06ada736-2d8f-483c-8849-01021211dd5e"}}
Статус код: 200
Ответ: {"type":"OK","phone":"79844441595","token":"$2y$10$K5B1lHW.xwbovP8ME8bapenmVGSK9P\/b9\/dSFEEzbOYiX3FW599Fa","sms":{"request_id":"73e2d5be-e539-41b8-b9ed-d8da4e0b475d"}}
Статус код: 200
Ответ: {"type":"OK","phone":"79328889260","token":"$2y$10$uQq0WAIgfp.N6KY\/vEHtYuG0qSN3lvXSMhLSUuzrwoES9Oj4OZ\/Ty","sms":{"request_id":"a0bb15c7-85e9-45ce-888c-1744ae08bb5b"}}
Статус код: 200
Ответ: {"type":"OK","phone":"79585831982","token":"$2y$10$v54ka7nhzZOi2JQQ94Ch3ubMNcMrvZXkSV1AZek7.OmTpbKwyjC8q","sms":{"request_id":"20612bb7-55a3-4eee-bbdc-d6f2906f62c5"}}
Статус код: 200
Ответ: {"type":"OK","phone":"79585772480","token":"$2y$10$sqwZXeew1RhOOwFmoO8ogeFbYXDt.eFAF5oc2CWT9.cK0eodA0CdW","sms":{"request_id":"3d860162-5d12-42f0-915d-c22290372be1"}}
Статус код: 200
Ответ: {"type":"OK","phone":"79585824597","token":"$2y$10$adzHPZD13wcwF0q3r2kuDeKCoRfWJNa7lRl\/R2\/BSENRcTchNM6zm","sms":{"request_id":"c0d2149e-2505-4952-8d3e-dcc23a676513"}}
Статус код: 200
Ответ: {"type":"OK","phone":"79585820121","token":"$2y$10$vGK0mOSmuvhv1qnYsRYUKO.FjmGzqv8dNDu5aI55iRKJYoUT.jfb.","sms":{"request_id":"9f30a5fe-ff04-4283-973d-2fc855dece81"}}
Статус код: 200
Ответ: {"type":"OK","phone":"79848885416","token":"$2y$10$4k7sBpXf7NyTBD2zI4ekAeEmLkEuSMcEOeoTR\/GePKzjFBWZ74NyW","sms":{"request_id":"f246671f-b262-4ad0-9da8-a9c6c09578ae"}}
Статус код: 200
Ответ: {"type":"OK","phone":"79322224537","token":"$2y$10$rXKSKD\/ui1jHpdZ1.yhtlOmgxAAvhwvlbf34AffcRw.M7uWrHkKBq","sms":{"request_id":"b4925ef1-d9f2-4b38-8328-38a3a6ddf68a"}}
Статус код: 200
Ответ: {"type":"OK","phone":"79585816140","token":"$2y$10$8GvwwXRH5nj.cQ680BPN2OKlFiJtw1czazEk8\/YXX0nm73Y90EhfS","sms":{"request_id":"1c3145ae-b74a-4313-8578-838f90f1da6c"}}
Статус код: 200
Ответ: {"type":"OK","phone":"79585833130","token":"$2y$10$IoKYGuNt2wO5y8qE.Aswh.OXGVFFckV0UWRjH2qtMKG97EF5wxpA6","sms":{"request_id":"c7d5310d-9e91-4bd2-840c-47836cd6642f"}}
Статус код: 200
Ответ: {"type":"OK","phone":"79585770589","token":"$2y$10$X8uZ6e1mJngt6hifeJB8Cu4362Dm1RrrFZKN5F9IC5IdOky.3jgU6","sms":{"request_id":"703968ab-bfc3-4b00-ab1d-9520747fe10f"}}
Статус код: 200
Ответ: {"type":"OK","phone":"79849998291","token":"$2y$10$nS6rj5mQpvrKPKhTvaF2rOU1QvhP4BirY60qzZW\/3u1AvQdYmmN0a","sms":{"request_id":"44515a5b-de19-40ac-991d-a07b1b687caf"}}
Статус код: 200
Ответ: {"type":"OK","phone":"79322228368","token":"$2y$10$gVTslVehjG.yY8NpFu15o.WsFIwOfosHx9sIqDHdDtTb.lpE\/TKdu","sms":{"request_id":"358b9b08-87ad-40d0-b0e3-d348931184ec"}}
Статус код: 200
Ответ: {"type":"OK","phone":"79949996097","token":"$2y$10$BiygLcCKxFCkAr0UVjFwVuc1fkh5SJqfi79HRT77U5UaMSaSxYlTi","sms":{"request_id":"c3583bbd-5422-41fe-a031-d7948ebf9ac4"}}
Статус код: 200
Ответ: {"type":"OK","phone":"79585817653","token":"$2y$10$hVuBSsnO8K3aulS7F0lPe.zy0XjGWyQfkcLC26J4ZRWgMCo3wIEfS","sms":{"request_id":"1cd89ba5-db0b-4772-afa2-4d617b55a341"}}
Статус код: 200
Ответ: {"type":"OK","phone":"79585828292","token":"$2y$10$Zq\/bZEwWNnEh7IKFf1HSpehNIoMfpRaXUsFEVQ778D0C7GHMhQcbO","sms":{"request_id":"56202313-62af-48d6-aa45-988750db163f"}}
Статус код: 200
Ответ: {"type":"OK","phone":"79847070182","token":"$2y$10$Zahxlbjalxm0rmGtx1R1W.QHIZX5ihcLIrYMn5Lmk6zTAUSFsCM3e","sms":{"request_id":"2f0853f9-0b8c-4599-8c9f-9ba188bc3c55"}}
Статус код: 200
Ответ: {"type":"OK","phone":"79844449769","token":"$2y$10$9gXkibosYJikWWVpCMNQKOF.3Rlz0gFM7aWuZ8k0TIoCYFRIhnhTC","sms":{"request_id":"c1fd2c68-ff51-4088-8e5b-f4054b867882"}}
Статус код: 200
Ответ: {"type":"OK","phone":"79585817157","token":"$2y$10$1ZBM\/BQEFC3lUZO2B0gxuOSGkErqx8iUZ8n6iiV94q1jGljeieosS","sms":{"request_id":"10aa0fef-8c49-4288-adfa-bd464aa58904"}}
Статус код: 200
Ответ: {"type":"OK","phone":"79947778967","token":"$2y$10$T9V3zbD44nKpbaMamhk.UuaotQmu9gmkTintYBJtbV70Kfm0iexM.","sms":{"request_id":"985a0e0b-5fcc-4fe1-8f34-60efdbf50415"}}
Статус код: 200
Ответ: {"type":"OK","phone":"79320001281","token":"$2y$10$Ohdhu0AEE0fyb4cCJpWbouliiI9xJUU3LZYB7766wMGH0VmAVd\/Ly","sms":{"request_id":"c6866286-27e9-4d1f-b6cb-051f08a91a81"}}
Статус код: 200
Ответ: {"type":"OK","phone":"79585808118","token":"$2y$10$dET.tcj.mkrYaV9l1xpBM.uC0XmXRRZDKWnPo7.Yn0hXJyrYjJ.Hm","sms":{"request_id":"371a07da-d227-48b5-8beb-a8879429b0a8"}}
Статус код: 200
Ответ: {"type":"OK","phone":"79585810315","token":"$2y$10$TlrR4OJf6iLj9wzTmBvYp.KTxsKEffi9MauMFR9MhyUd5WC1iGfwW","sms":{"request_id":"7a683b59-08c6-4ccb-b3f1-59b137ebacb3"}}
Статус код: 200
Ответ: {"type":"OK","phone":"79585837138","token":"$2y$10$yvOCW7.qsQmLw0ErWm2CsetHvvYRWZVXzb4..fFhBmxs5zyIDJg.q","sms":{"request_id":"4b4b1787-3b98-4b80-9d45-5e58bc078325"}}
Статус код: 200
Ответ: {"type":"OK","phone":"79320004263","token":"$2y$10$KDtemZoaB5dXYi8yqG6JuOhhm03pKelWe2qPATN.EVnmnLyd1DGwi","sms":{"request_id":"3d0f06be-818b-450b-a4ff-4bb0db73fcd4"}}
Статус код: 200
Ответ: {"type":"OK","phone":"79868887506","token":"$2y$10$MIiZRxGCy0hcdOqoqVqAyOtNr914DQIiHl.jbITv1ww4MGneTMM\/C","sms":{"request_id":"f15f44c6-b408-40a0-9481-15995f6df17a"}}
Статус код: 200
Ответ: {"type":"OK","phone":"79585828571","token":"$2y$10$5r2nXajOgSHAvfQg5cvD.uX6w6SLExRlb10VZnRkvAq8xvP7ogRzq","sms":{"request_id":"9f9c765a-f67e-496d-b339-e0affffce28a"}}
Статус код: 200
Ответ: {"type":"OK","phone":"79849997938","token":"$2y$10$dVdsRoxJFOplZ32EfyNWm..TK0jnj9MxaZQEcMKLJrYuwzsYhJS\/.","sms":{"request_id":"779a51b4-8dcb-4a7e-a59e-c44b26614f59"}}
Статус код: 200
Ответ: {"type":"OK","phone":"79320008728","token":"$2y$10$3nWBiKmdER6RikLeltpTsOB34kMb3FhfmvEot1HO9mVj9qaQeqUFW","sms":{"request_id":"305f41f4-0176-4eeb-b657-dc947095f3cc"}}
Статус код: 200
Ответ: {"type":"OK","phone":"79585770349","token":"$2y$10$fusY74EZLpBs0Ho6l8iO0eUwrGhI8FA5evp\/WvrdtMP7Hx2csAGC2","sms":{"request_id":"3c9d12d5-07f5-4d64-a461-f9df8c8239ad"}}
Статус код: 200
Ответ: {"type":"OK","phone":"79585803013","token":"$2y$10$GFpGg.En8JGqHldz6PKU2.PGa3\/loPheossT6fi7nJWWwxiUp8tVy","sms":{"request_id":"b044e0e1-2622-4aa1-bbd6-399986cdc182"}}
Статус код: 200
Ответ: {"type":"OK","phone":"79915556029","token":"$2y$10$b9pBZ9FF.xSczJWMgKWknuTb9AfkZa3y.NhGr.Pn.5EvFG81EnS0y","sms":{"request_id":"ae61257c-fbce-403b-b0d0-c4e9ef84b3c5"}}
Статус код: 200
Ответ: {"type":"OK","phone":"79947779865","token":"$2y$10$J2NTYSAVjqA6bAzx\/s5s1OhUJX513d3RBIgXijAKKKvTAQbJPdChm","sms":{"request_id":"7cdb6a24-8c58-424b-8ffa-57611bcc78cd"}}
Статус код: 200
Ответ: {"type":"OK","phone":"79915557115","token":"$2y$10$UrQOibmYVJ2q4sAD7lZxJe\/ZiJi\/iqll0GPn22UhdaZuorOCcgwT.","sms":{"request_id":"90fdd097-5a78-45da-9974-639351299887"}}
Статус код: 200
Ответ: {"type":"OK","phone":"79585833501","token":"$2y$10$XMc.MNSdoaddY6rmwz.WLerdXfJ17Z7wl4gVLwofhJ5pwSTFIcFGW","sms":{"request_id":"d990f7cf-21bc-46ea-aec9-fed88f32ef93"}}
Статус код: 200
Ответ: {"type":"OK","phone":"79917775163","token":"$2y$10$T0nDhcr9JFz4StBaOKHv4O5o\/uTQ1HknUNx3YuM1mbKQ3LLwkk.v6","sms":{"request_id":"ecd11d14-1087-4c5c-a897-e05b6cecf1d4"}}
Статус код: 200
Ответ: {"type":"OK","phone":"79847072060","token":"$2y$10$7QcsEdPn1DH4eMmCNe6rp.I3xcuHQofJMOss7ELNtF6G1Rfeia8hS","sms":{"error":"Insufficient funds","code":-1}}
Статус код: 200
Ответ: {"type":"OK","phone":"79322223671","token":"$2y$10$xe5Om9ZBiwjjfHGJgmuuGeiCEhh2dkQ\/IN1gORcn\/uu05HO7tsMPK","sms":{"error":"Insufficient funds","code":-1}}
Статус код: 200
Ответ: {"type":"OK","phone":"79585830363","token":"$2y$10$NRU642wwrZLvxMoEF8JhlOftiHbSe.C9d3LSSJmJLml42zy5AFpru","sms":{"error":"Insufficient funds","code":-1}}
Статус код: 200
Ответ: {"type":"OK","phone":"79585828441","token":"$2y$10$5GCWsbBf3IzvvpMuNNqd6OEJujkuL8YB.lJaAAbpbfsxqzhOD8qGq","sms":{"error":"Insufficient funds","code":-1}}
Статус код: 200
Ответ: {"type":"OK","phone":"79585817990","token":"$2y$10$ZLaCjTC489rX0ZK4jYaIS.pp5lvX.RR75\/8TK8JGZ4AijbMgcrp6G","sms":{"error":"Insufficient funds","code":-1}}
Статус код: 200
Ответ: {"type":"OK","phone":"79849991791","token":"$2y$10$f03hOeLoYHmZgOa8i95vf.8QiwNDdwPRCsq9tbJT.0W7u\/SihYvAC","sms":{"error":"Insufficient funds","code":-1}}
Статус код: 200
Ответ: {"type":"OK","phone":"79847775847","token":"$2y$10$VAJDa02MRAEuGbbgaKIoFuHDq6NH.ElTJR0LiRx2CFen6tCbBIZbK","sms":{"error":"Insufficient funds","code":-1}}
Статус код: 200
Ответ: {"type":"OK","phone":"79585818078","token":"$2y$10$oedISvsCA7a3296Q0Sd7JuYknnx0hjlHlDvIKyZiS5sryFNXjn3KC","sms":{"error":"Insufficient funds","code":-1}}
Статус код: 200
Ответ: {"type":"OK","phone":"79585821889","token":"$2y$10$OQDQtXuxdrHks8w7\/OIjveuVTPU8HlkYjrZ\/HrHSdQWb8s1nOeOoi","sms":{"error":"Insufficient funds","code":-1}}
Статус код: 200
Ответ: {"type":"OK","phone":"79844440320","token":"$2y$10$0azUwFwwoREoAgXBswklmuYdTONyKfxhMdTlah6.FDKzkAS7aVzQW","sms":{"error":"Insufficient funds","code":-1}}
Статус код: 200
Ответ: {"type":"OK","phone":"79585837492","token":"$2y$10$Wi.Fm8WBFAhl6ONe096CHOttqjHe6PND6Z800hLubggZCZydP8rd6","sms":{"error":"Insufficient funds","code":-1}}
Статус код: 200
Ответ: {"type":"OK","phone":"79585819618","token":"$2y$10$pOZbH0XsdV1lRwWN7Hm.hOKZXzF8nPviBzW8LUdXSjBMSyQw3RZKu","sms":{"error":"Insufficient funds","code":-1}}
Статус код: 200
Ответ: {"type":"OK","phone":"79585826002","token":"$2y$10$dBbS4NVn1ZaE2WHgT96ATOXzIqVGRa63CCgI8aKMGfyPxmMHAnDjC","sms":{"error":"Insufficient funds","code":-1}}
Статус код: 200
Ответ: {"type":"OK","phone":"79847079849","token":"$2y$10$\/HoPq6B6emzKU\/f.RToJLOfuEQJ0JU4TnlsMNatNpXj5hWR\/ti79.","sms":{"error":"Insufficient funds","code":-1}}
Статус код: 200
Ответ: {"type":"OK","phone":"79390097592","token":"$2y$10$8PrM7lVL.TyuQE3To729BePPJK0DYDJ7tXKIQ8lDjBQz\/BCmL4g2q","sms":{"error":"Insufficient funds","code":-1}}
Статус код: 200
Ответ: {"type":"OK","phone":"79585826101","token":"$2y$10$BoqkVqOmeJc04ZEg0giB5Og\/RutRvW7rBQWLjnAM6.mxBk45qol0i","sms":{"error":"Insufficient funds","code":-1}}
Статус код: 200
Ответ: {"type":"OK","phone":"79917770479","token":"$2y$10$lLZ7tkqysrrvm6Uc3.JyyugaCtRLK7IKiPNJzUVW6MSiOKRqRttiu","sms":{"error":"Insufficient funds","code":-1}}
Статус код: 200
Ответ: {"type":"OK","phone":"79585836749","token":"$2y$10$I8nare7c2knJkUWqBqytYOLJh1tSnLM\/1WmqVrzjXF7YmYUvoIMiu","sms":{"error":"Insufficient funds","code":-1}}
Статус код: 200
Ответ: {"type":"OK","phone":"79320004245","token":"$2y$10$ZhqccHlzeRG0wUW0QvPs..J7MbscbIAHAIEqx\/JPJse9URPa2uLZ2","sms":{"error":"Insufficient funds","code":-1}}
Статус код: 200
Ответ: {"type":"OK","phone":"79585822536","token":"$2y$10$bMIaWuwTZ2h0Yu49zynLGO7nYeWB.Jyp2n9ybOmexjfRcC0XKeNEC","sms":{"error":"Insufficient funds","code":-1}}
Статус код: 200
Ответ: {"type":"OK","phone":"79585833384","token":"$2y$10$B8iJJF1iG83ne3vYeDIrcOV0nylUx6o2X2qIedi7A1KuV4WOf.4eC","sms":{"error":"Insufficient funds","code":-1}}
Статус код: 200
Ответ: {"type":"OK","phone":"79917774957","token":"$2y$10$NBpWuxNmGHijHa4gyI\/kNei6PKfWuL9Fic4SnZ9BFmOitTj33qk9q","sms":{"error":"Insufficient funds","code":-1}}
Статус код: 200
Ответ: {"type":"OK","phone":"79844449143","token":"$2y$10$GwypN3KZPccsgyG790kUpuAuxYFs\/ECdVurbEXio0MIweC0Ikh9CO","sms":{"error":"Insufficient funds","code":-1}}
Статус код: 200
Ответ: {"type":"OK","phone":"79585778829","token":"$2y$10$WWX9CvJ\/N2mlRuVGt.PrV.Ph6vk9tRjEgfF.Lqpzl2OE0Pdy\/k.K.","sms":{"error":"Insufficient funds","code":-1}}
Статус код: 200
Ответ: {"type":"OK","phone":"79320002885","token":"$2y$10$54mVjk5pz90fQt9CXTM0m.FHeCOFuEqmgJkgZAWGfqBSuH0mf8rf.","sms":{"error":"Insufficient funds","code":-1}}
Статус код: 200
Ответ: {"type":"OK","phone":"79585830114","token":"$2y$10$4iaE\/\/B7NdFhmd40893SBOZ8nDC79mWM9tndA8zgHhBA5vmgchxnW","sms":{"error":"Insufficient funds","code":-1}}
Статус код: 200
Ответ: {"type":"OK","phone":"79949996264","token":"$2y$10$vH9iEi24mZPuV6xT3j4vdeAiP8g6rf8rl6QYtg9F4d1ZSKpOgJLaG","sms":{"error":"Insufficient funds","code":-1}}
Статус код: 200
Ответ: {"type":"OK","phone":"79348887749","token":"$2y$10$\/pBwf2B6MihwJq\/JTJz9ye0aIDtAPQuSRmEZWkV\/ob8QVDHWs8Bhm","sms":{"error":"Insufficient funds","code":-1}}
Статус код: 200
Ответ: {"type":"OK","phone":"79585827984","token":"$2y$10$BH0e7faZha3hGuQfLtFcQeZFoVoTkEDhE4qNQ40CaO\/9BqOsqbVSW","sms":{"error":"Insufficient funds","code":-1}}
Статус код: 200
Ответ: {"type":"OK","phone":"79320005612","token":"$2y$10$S1Slb1h2FIxDRak1ogLupeEHHLR\/fkn7tbkZv9azxGICyc5riiRW6","sms":{"error":"Insufficient funds","code":-1}}
Статус код: 200
Ответ: {"type":"OK","phone":"79915556913","token":"$2y$10$NhAvujwnZwtEjcArneNY8.BwB6Zit3TTK3gDNSoaKBtvZfvqsMOFu","sms":{"error":"Insufficient funds","code":-1}}
Статус код: 200
Ответ: {"type":"OK","phone":"79949996089","token":"$2y$10$KCufuOhpv.3VaY5DKYw1X.aM\/2jDlLIPnW\/05fTa1OqwvpX.ZTvwC","sms":{"error":"Insufficient funds","code":-1}}
Статус код: 200
Ответ: {"type":"OK","phone":"79390091184","token":"$2y$10$c2fWiK0lKpyUOTvGPaV85.pP\/GvdqRsGAjrD0qEv9uZEr18yddkAe","sms":{"error":"Insufficient funds","code":-1}}
Статус код: 200
Ответ: {"type":"OK","phone":"79585801778","token":"$2y$10$pH8mMfiOevVOmO5dtbWrMOB2VbKmRJTxj60R6hjpEo9.PobuKhfqK","sms":{"error":"Insufficient funds","code":-1}}
Статус код: 200
Ответ: {"type":"OK","phone":"79585810643","token":"$2y$10$HX3c4a7giCY5j.X3ZDZnNOFAzR9Rtyc\/WT8Yz6MTiyWCx\/7mUHzgK","sms":{"error":"Insufficient funds","code":-1}}
Статус код: 200
Ответ: {"type":"OK","phone":"79585812009","token":"$2y$10$8mTKtXJ8SA7bHjiLojzXW.1nT8R.pfhTt8A24HwKEa0nAEOs2FdQK","sms":{"error":"Insufficient funds","code":-1}}
Статус код: 200
Ответ: {"type":"OK","phone":"79322227398","token":"$2y$10$xx\/70oujdsidsQl88TTHKuRdJm32fG9Te1cTBvujjDSvoqkMRy3tW","sms":{"error":"Insufficient funds","code":-1}}
Статус код: 200
Ответ: {"type":"OK","phone":"79849991802","token":"$2y$10$VgYkpPtc0VVTH0NMpyU\/zus3Sp\/6jHezBJU8WVRy0SJVDGrqF\/wLS","sms":{"error":"Insufficient funds","code":-1}}
Статус код: 200
Ответ: {"type":"OK","phone":"79844448343","token":"$2y$10$SY3nB\/StwsX2WgQBcYbXQuydiWvnABlAhwlXeroToOQKCUakvboZa","sms":{"error":"Insufficient funds","code":-1}}
Статус код: 200
Ответ: {"type":"OK","phone":"79585830432","token":"$2y$10$zEilfdETd1wFiJPkWs\/IJ.UKzt5bjODqo5cef.VNVGb2XL9KJIWOK","sms":{"error":"Insufficient funds","code":-1}}
Статус код: 200
Ответ: {"type":"OK","phone":"79917775992","token":"$2y$10$LkcVcDpY9UJiXPInBdJgluU3bjAfbgPymyKIvx4Q\/yMiv3PRmm0T6","sms":{"error":"Insufficient funds","code":-1}}
Статус код: 200
Ответ: {"type":"OK","phone":"79585808420","token":"$2y$10$hjCoug.ERPOJTML28hcOEeT.REcJ.LxDy9k5eeVp98T6r9TFfqjU2","sms":{"error":"Insufficient funds","code":-1}}
Статус код: 200
Ответ: {"type":"OK","phone":"79585823558","token":"$2y$10$NUD80.Ttt3HemKP4tspAMOTpvwuJ9y6IDJ0pSqRjMMGfEExSE4usC","sms":{"error":"Insufficient funds","code":-1}}
Статус код: 200
Ответ: {"type":"OK","phone":"79844447467","token":"$2y$10$\/XxCMOeEmdaqJWEEAP4mUeJIjluLpuglHI24sdhTgro3iVWtjWVsS","sms":{"error":"Insufficient funds","code":-1}}
Статус код: 200
Ответ: {"type":"OK","phone":"79847778014","token":"$2y$10$fjlVWGZ5.S8HjArHaF3JreVupzpcGqXelJim5UFI0O6YP1dh\/xdqK","sms":{"error":"Insufficient funds","code":-1}}
Статус код: 200
Ответ: {"type":"OK","phone":"79847775879","token":"$2y$10$bZKytNbkucSjRlT\/22T9qOKP4uNhww7gQq61n0U3jZCjXXABylScy","sms":{"error":"Insufficient funds","code":-1}}
Статус код: 200
Ответ: {"type":"OK","phone":"79320002754","token":"$2y$10$sq2ZolZtztsoN.Ty3r8U1OKooorbVPZ5VzlFGWLOsUP62BnVZ62Cy","sms":{"error":"Insufficient funds","code":-1}}
Статус код: 200
Ответ: {"type":"OK","phone":"79849996932","token":"$2y$10$UQgyZLgviiQ2mLIOTQZGvepeFipWf7nIhyquvZ.CXTIszEGL2tVUy","sms":{"error":"Insufficient funds","code":-1}}
Статус код: 200
Ответ: {"type":"OK","phone":"79390097047","token":"$2y$10$nnsQbTps9Db6.169CvZlruyW9ytEySnfjoVKEEdq9RV7.8mKyI7Jm","sms":{"error":"Insufficient funds","code":-1}}
Статус код: 200
Ответ: {"type":"OK","phone":"79348886635","token":"$2y$10$4m37BptexV9kgJ19JfuzUONpt6t2XzW0MXHTfQpwp1hJesnQSNWhK","sms":{"error":"Insufficient funds","code":-1}}
Статус код: 200
Ответ: {"type":"OK","phone":"79585774197","token":"$2y$10$MbInRZKasLDeOdZJZtZAaOeKJJP\/hWSVBh\/nV3qt3et9\/hHCSPIrG","sms":{"error":"Insufficient funds","code":-1}}
Статус код: 200
Ответ: {"type":"OK","phone":"79585808754","token":"$2y$10$t8K5Xajk21teyW9u3qkF5O\/XLaMxf8bciexuaycMPZlolKAHxVnXi","sms":{"error":"Insufficient funds","code":-1}}
Статус код: 200
Ответ: {"type":"OK","phone":"79585815895","token":"$2y$10$6g9l0yGv1E79N5CVf\/VhCu40z71y\/DAofa6KPPzy0MRkR5i4EJGW.","sms":{"error":"Insufficient funds","code":-1}}
Статус код: 200
Ответ: {"type":"OK","phone":"79585824370","token":"$2y$10$\/nYmE\/8mwv6Fwr.iUl8iEufoI2N3ewHOw\/Q7H6AgGyPxn\/yo0XiMq","sms":{"error":"Insufficient funds","code":-1}}
Статус код: 200
Ответ: {"type":"OK","phone":"79320008291","token":"$2y$10$jCdLT2.SXzfqDFCyIX3O8eVhflEO8b4lSGsQk3fACxtCkQM4XDAmS","sms":{"error":"Insufficient funds","code":-1}}
Статус код: 200
Ответ: {"type":"OK","phone":"79917775224","token":"$2y$10$kPsWGfscpj0PiAMuASOArO8l.7PXTP8YtkYZTNxaEBD3NbF6g3Ie.","sms":{"error":"Insufficient funds","code":-1}}
Статус код: 200
Ответ: {"type":"OK","phone":"79868887526","token":"$2y$10$HXrEn5pgAbREUTAmyS6iDesMdkrT5PGilrqCBQ79rDHL2QJIXmGRq","sms":{"error":"Insufficient funds","code":-1}}
Статус код: 200
Ответ: {"type":"OK","phone":"79917775923","token":"$2y$10$vdrQrDnEih\/kKtTU6nDtl..4Yify4JIZ65TVyagDBKoXQVOdWYAnW","sms":{"error":"Insufficient funds","code":-1}}
Статус код: 200
Ответ: {"type":"OK","phone":"79848885102","token":"$2y$10$YApWTT8EMUuLpa8H0lk31Oon2ftCw6pVWTClnFt2hpOmTNXe9eqSG","sms":{"error":"Insufficient funds","code":-1}}
Статус код: 200
Ответ: {"type":"OK","phone":"79915556817","token":"$2y$10$T.oNa4uhfbS7VO5KhFh2wO4KvP5UAwM3M8Vi92fxC2svKgVWlUj9C","sms":{"error":"Insufficient funds","code":-1}}
Статус код: 200
Ответ: {"type":"OK","phone":"79847079305","token":"$2y$10$B4IlBxduIrJ1RkyrXVjnhuDwBgUiX.N8Bvo6CKpDtBpNMmrDiiPrW","sms":{"error":"Insufficient funds","code":-1}}
Статус код: 200
Ответ: {"type":"OK","phone":"79320007839","token":"$2y$10$pyEYJfzze9otJ9J.fe6mDu2Cym58x9.mi7iehfgTa1ehQw7PsTaPy","sms":{"error":"Insufficient funds","code":-1}}
Статус код: 200
Ответ: {"type":"OK","phone":"79915556734","token":"$2y$10$3lUlNtoElUH.roQlASR01OsO4NjolLQjwxzw\/89khsWQcImGQXJJu","sms":{"error":"Insufficient funds","code":-1}}
Статус код: 200
Ответ: {"type":"OK","phone":"79585771642","token":"$2y$10$iYt18tN1E8g8kqmbBISRverxgPBM6yiVeg2Uvld3j8iIBfr.ORwFy","sms":{"error":"Insufficient funds","code":-1}}
Статус код: 200
Ответ: {"type":"OK","phone":"79847778029","token":"$2y$10$tm0TYWddPUZd8NqhymfmVeDrLZl8KMHNXkykMkpk0RniuDcYNmEHS","sms":{"error":"Insufficient funds","code":-1}}
Статус код: 200
Ответ: {"type":"OK","phone":"79585822670","token":"$2y$10$JhcP5gfVSE2qLrS8CeEek.veiaFV80K.0HBuKcl2msGZb84YWUjWy","sms":{"error":"Insufficient funds","code":-1}}
Статус код: 200
Ответ: {"type":"OK","phone":"79844440230","token":"$2y$10$eewS\/MmezY1xGZwzPni\/R.Deq5ZxexDsnAPQnnu6p.Z8qPOaeBk2S","sms":{"error":"Insufficient funds","code":-1}}
Статус код: 200
Ответ: {"type":"OK","phone":"79347775643","token":"$2y$10$zsxWiYqD1u9sP47niHIoZ.R55EVn.nHf7oI7CxwDgWgWfnUkKcHga","sms":{"error":"Insufficient funds","code":-1}}
Статус код: 200
Ответ: {"type":"OK","phone":"79868887518","token":"$2y$10$6Fv2nihnNI7ON6UPa6MqUuLUY5TJ\/iycLgL3Mbg9JzhATEMgDKe7C","sms":{"error":"Insufficient funds","code":-1}}
Статус код: 200
Ответ: {"type":"OK","phone":"79844442436","token":"$2y$10$AOb7PgdxWS8opnZRhm1eVOuBmBj7ltRs7A8USdIB1uoNg67S3xNSa","sms":{"error":"Insufficient funds","code":-1}}
Статус код: 200
Ответ: {"type":"OK","phone":"79847079651","token":"$2y$10$La.4AfL9c05V9ym5.AS\/KOuWyRAIkXoU8q47YJVQp9MjLFxA4QoJC","sms":{"error":"Insufficient funds","code":-1}}
Статус код: 200
Ответ: {"type":"OK","phone":"79847770162","token":"$2y$10$VBJcslA5jjN\/fY89uKVbWOblyYCm1E8mFSe8\/oobXWOIt2M53R4fS","sms":{"error":"Insufficient funds","code":-1}}
Статус код: 200
Ответ: {"type":"OK","phone":"79849998521","token":"$2y$10$KMDouYDIASg2kZCGCg8vj.axlLf3BoQKvqSfsXhKu7gFbbj5Tu59.","sms":{"error":"Insufficient funds","code":-1}}
Статус код: 200
Ответ: {"type":"OK","phone":"79585833504","token":"$2y$10$wTt9dBWmU9kxSNiMtwCpT.Vcrgr1yJZlNkp7cnYW9SiF31bsDxLt.","sms":{"error":"Insufficient funds","code":-1}}
Статус код: 200
Ответ: {"type":"OK","phone":"79847072069","token":"$2y$10$yacKthd1ahkcNXTVHOyQauGcaOvipCUJuJ5d90hsb45M1BwlgAJf6","sms":{"error":"Insufficient funds","code":-1}}
Статус код: 200
Ответ: {"type":"OK","phone":"79585817659","token":"$2y$10$z2Q\/YVxVfS.06oDU5WVwY.ZophqWkLbXAGYZV3.zTN.fO.JYAm2uK","sms":{"error":"Insufficient funds","code":-1}}
Статус код: 200
Ответ: {"type":"OK","phone":"79585821205","token":"$2y$10$Uo4OEXoiFdmptrZcD6FznONYxuDQ7PsiU36wMVhRcqglhtrpsFHcS","sms":{"error":"Insufficient funds","code":-1}}
Статус код: 200
Ответ: {"type":"OK","phone":"79847770865","token":"$2y$10$qk7qJLbT9swyP\/Svd6cimO\/36xoXrzfKO4Q5UrRlWTb\/n\/cj9S0ly","sms":{"error":"Insufficient funds","code":-1}}
Статус код: 200
Ответ: {"type":"OK","phone":"79585776930","token":"$2y$10$FtCx0xJbZRCh6VibDb7yMehmMdeX\/i1Z9PCrtrnlwaUr2rPYMHofa","sms":{"error":"Insufficient funds","code":-1}}
Статус код: 200
Ответ: {"type":"OK","phone":"79849997639","token":"$2y$10$vOas3yEV6iLLy.1Kc7yYCOkioKExzxeL\/XHvDpkKCCqh9cVq2PyL2","sms":{"error":"Insufficient funds","code":-1}}
Статус код: 200
Ответ: {"type":"OK","phone":"79320007596","token":"$2y$10$iPQv2yiMpKvU2I7YtGlql.A5NIztlaO80ZAZYZYP2NMLW3.SAmA7W","sms":{"error":"Insufficient funds","code":-1}}
Статус код: 200
Ответ: {"type":"OK","phone":"79848884568","token":"$2y$10$jiZ66FBp9IZ5JUCPO71NseTlyN9V\/Z02mlaItCVbLB.Cur6QQwuZ.","sms":{"error":"Insufficient funds","code":-1}}
Статус код: 200
Ответ: {"type":"OK","phone":"79847779325","token":"$2y$10$Qxi5feIjuOwb9jZr8AULHOp9gGCEZ7SLRx2FFBFTM5Vuw1L.YEoMS","sms":{"error":"Insufficient funds","code":-1}}
Статус код: 200
Ответ: {"type":"OK","phone":"79585771050","token":"$2y$10$oxEV0CAhe\/sdk6JGqC7AJOHtdpnJveoZ3wca5hHU6c9OWPwl1MJa2","sms":{"error":"Insufficient funds","code":-1}}
Статус код: 200
Ответ: {"type":"OK","phone":"79585823569","token":"$2y$10$XnnSGJ38TDLaRsCgpAHBKuc1zq1xjlPfhkhnSA.3F1EUaGr763pvy","sms":{"error":"Insufficient funds","code":-1}}
Статус код: 200
Ответ: {"type":"OK","phone":"79585775646","token":"$2y$10$onLIqZXxQgE7jmsoZTJ87ucbfnd39.l5euV3reSWJ2PtQP1E754Zm","sms":{"error":"Insufficient funds","code":-1}}
Статус код: 200
Ответ: {"type":"OK","phone":"79844447903","token":"$2y$10$rQCBFzYW0wtVbnMXPaH7DewDyCkRVxKbXjekYruIg6T37\/xS4xMK2","sms":{"error":"Insufficient funds","code":-1}}
Статус код: 200
Ответ: {"type":"OK","phone":"79585809051","token":"$2y$10$lHymeBqR25.ISR\/jSKFXIeLz2gGqsdQfKLjV.OcNRR5ngU.WDRpD6","sms":{"error":"Insufficient funds","code":-1}}
Статус код: 200
Ответ: {"type":"OK","phone":"79390094180","token":"$2y$10$VfKtI8A1EQXZp5Iiiqtt2uqdELpjaMN3Ii9oA.2cWM0qiDy8Z.gce","sms":{"error":"Insufficient funds","code":-1}}
Статус код: 200
Ответ: {"type":"OK","phone":"79390098298","token":"$2y$10$vK\/lMsXBvZKt4hJIuTFRTOc0q8CmA4msADPUR\/sMZuihgAy4pqLTe","sms":{"error":"Insufficient funds","code":-1}}
Статус код: 200
Ответ: {"type":"OK","phone":"79585826112","token":"$2y$10$eARwEXqZXKeUrONskP0Erum8.axyZP3UXvDM1sSrFCpF95wTk98bW","sms":{"error":"Insufficient funds","code":-1}}
Статус код: 200
Ответ: {"type":"OK","phone":"79348880109","token":"$2y$10$FiWEQsZPhuuW\/YEktdn5KOkxnxIx7CXBWYLmUMLLbYjB2CD4PvTAK","sms":{"error":"Insufficient funds","code":-1}}
Статус код: 200
Ответ: {"type":"OK","phone":"79390097751","token":"$2y$10$n3dco3yHuiw\/dKqgijGhH.jmmJSZQJc5YD6tg\/exVgL361PsBoun2","sms":{"error":"Insufficient funds","code":-1}}
Статус код: 200
Ответ: {"type":"OK","phone":"79947779860","token":"$2y$10$TMUwDsXKmHlbtILbe.LwYeTP8M2S4OCziEy2Bjwy6pewynosk.hmm","sms":{"error":"Insufficient funds","code":-1}}
Статус код: 200
Ответ: {"type":"OK","phone":"79320005362","token":"$2y$10$fzO2Ndx499kiDLEOpS02Me7QBEUThHXShUOSNIK6wq.Ok6mjTN5zK","sms":{"error":"Insufficient funds","code":-1}}
Статус код: 200
Ответ: {"type":"OK","phone":"79847770481","token":"$2y$10$.c51DyOX2JnWXOqGvxEJFOTMO0SWi7P7.SECFpH5T.ShTjV\/wb.UK","sms":{"error":"Insufficient funds","code":-1}}
Статус код: 200
Ответ: {"type":"OK","phone":"79847776494","token":"$2y$10$yQ4VX1seUY3zaE.DVpb7..CaIWbxiRD8BP5OEx0YoXkQYaJ3h5DSG","sms":{"error":"Insufficient funds","code":-1}}
Статус код: 200
Ответ: {"type":"OK","phone":"79318885804","token":"$2y$10$zo9kBmNGBSlxCq2hmgurc.2s7ePJLZj8xan1IHuYeko9yeDQ8dKo6","sms":{"error":"Insufficient funds","code":-1}}
Статус код: 200
Ответ: {"type":"OK","phone":"79585822162","token":"$2y$10$DHXujNk773xJsBtDGN8C6ecyNaAVQQcVS0KLnjbHeEC.amBdHF8c6","sms":{"error":"Insufficient funds","code":-1}}
Статус код: 200
Ответ: {"type":"OK","phone":"79848885351","token":"$2y$10$7XEPP4QnTKn\/XC1VUzWcyuIN49ua9BzdRJxsQFOljEOktt6otuMim","sms":{"error":"Insufficient funds","code":-1}}
Статус код: 200
Ответ: {"type":"OK","phone":"79585826324","token":"$2y$10$ibRPd.b6LDJMi768dflSr.TUD0W0JRicMGrmAac8ETh7Dk\/qanVwG","sms":{"error":"Insufficient funds","code":-1}}
Статус код: 200
Ответ: {"type":"OK","phone":"79847778551","token":"$2y$10$kQbqC3BVzFjuv2LG5Wwh9uek1JB7IVKdPn2dvrbEVP5fd6OP\/DAmK","sms":{"error":"Insufficient funds","code":-1}}
Статус код: 200
Ответ: {"type":"OK","phone":"79585830902","token":"$2y$10$A6NHLaUaQC3.AkauLicJlO2wmY7r\/WmkwtYG9DYmB4ifVuZ9LKsWi","sms":{"error":"Insufficient funds","code":-1}}
Статус код: 200
Ответ: {"type":"OK","phone":"79847079892","token":"$2y$10$EU9Q1QCoZBQYwgCkCyJsLOQmzb0rf1R0sKDLXhr69mj61EAhjmloG","sms":{"error":"Insufficient funds","code":-1}}
Статус код: 200
Ответ: {"type":"OK","phone":"79585777960","token":"$2y$10$LsNuqAKFa5e9esAsj10ZKuzE64UP1yUJzeKx1Sn1dG1aW11hkC6nG","sms":{"error":"Insufficient funds","code":-1}}
Статус код: 200
Ответ: {"type":"OK","phone":"79844440982","token":"$2y$10$oOeXopJenOjK2XRekgq0ZO1\/jt9J\/ULLgKOQOqhj2wrsFknLpv9du","sms":{"error":"Insufficient funds","code":-1}}
Статус код: 200
Ответ: {"type":"OK","phone":"79868889103","token":"$2y$10$1irX1eSIR10jcL7Y4lAr\/OH\/O0VljxiSxvVc8bBKL2ihqLqH2ojWq","sms":{"error":"Insufficient funds","code":-1}}
Статус код: 200
Ответ: {"type":"OK","phone":"79844440508","token":"$2y$10$8MT5Gv\/xVz5TZ2OwXDKi2eG5iq9BLpSPdWkSyuDQo5B2SUCg3qwiy","sms":{"error":"Insufficient funds","code":-1}}
Статус код: 200
Ответ: {"type":"OK","phone":"79844440717","token":"$2y$10$3UIbh0TmoEA4jXjtDdVqdOIfVn3V7vaWDpNPf.sm6zJj1XsaVNSGa","sms":{"error":"Insufficient funds","code":-1}}
Статус код: 200
Ответ: {"type":"OK","phone":"79844440732","token":"$2y$10$MisQcZi77xIFIRv6\/5bjiOzhix\/MVTkT1OTEhKubqQGFxtAKZ6cFG","sms":{"error":"Insufficient funds","code":-1}}
Статус код: 200
Ответ: {"type":"OK","phone":"79847072898","token":"$2y$10$b444linT5KZ0Lz29g11abOaT8hUNbqmS5\/IiTpf3E6OPIIq30xVJq","sms":{"error":"Insufficient funds","code":-1}}
Статус код: 200
Ответ: {"type":"OK","phone":"79585808204","token":"$2y$10$JpHmEQBhMTQ5e59vz1wGtunq\/Sui6qkdQlWMDb4N1.zC\/S4dReYlG","sms":{"error":"Insufficient funds","code":-1}}
Статус код: 200
Ответ: {"type":"OK","phone":"79585829817","token":"$2y$10$I\/1ZsWqRWWp439CLpCzB6uo8lcLf.O0yoYsFAyuc8aijYCWnWtCai","sms":{"error":"Insufficient funds","code":-1}}
Статус код: 200
Ответ: {"type":"OK","phone":"79849990553","token":"$2y$10$HTHgJNLaswnh3Y25AKttUOG9fyc3YfRak6\/8kxbmcZjr9fIBBs1ua","sms":{"error":"Insufficient funds","code":-1}}
Статус код: 200
Ответ: {"type":"OK","phone":"79918889351","token":"$2y$10$Yz4WpbZRW5MVcqhTu8JIveZVU1u4G4fM.Z9JbhCny4xsQ2HAHWhmO","sms":{"error":"Insufficient funds","code":-1}}
Статус код: 200
Ответ: {"type":"OK","phone":"79585818225","token":"$2y$10$KGCd\/Rv8Z501sOrw2CyN9.xxFUcYHTdT5LKyEyiuinhdsK0vDusTm","sms":{"error":"Insufficient funds","code":-1}}
Статус код: 200
Ответ: {"type":"OK","phone":"79849996973","token":"$2y$10$UDVmbIun3qG6AKCGQ.D8puOcgEA4RpaB5kWnCLHvIupSBRQ6N1n.u","sms":{"error":"Insufficient funds","code":-1}}
Статус код: 200
Ответ: {"type":"OK","phone":"79585826771","token":"$2y$10$gfBGREiGTFQA4ST1QEQH2.yJju0V3URHzWoHnKJQq.Xn8MO2G5A2e","sms":{"error":"Insufficient funds","code":-1}}
Статус код: 200
Ответ: {"type":"OK","phone":"79585811227","token":"$2y$10$JpWypNob2CO0pwKmcLON2eB6R5JABEDcmBQUuUcAy4Cn2bf\/vO1ZO","sms":{"error":"Insufficient funds","code":-1}}
Статус код: 200
Ответ: {"type":"OK","phone":"79585826057","token":"$2y$10$XSFTWVj.6a5CLaE9ZwHvLuyfqM6FWbiIVKo47FSJF\/gFoQvBCWcrS","sms":{"error":"Insufficient funds","code":-1}}
Статус код: 200
Ответ: {"type":"OK","phone":"79847770963","token":"$2y$10$5KNl4P91Loc3UhRXgORaPu77X7g.00wUdld\/pVha4W2\/K9LJA\/l7C","sms":{"error":"Insufficient funds","code":-1}}
Статус код: 200
Ответ: {"type":"OK","phone":"79320005965","token":"$2y$10$XZf.eeimrM47GxzTamcCReJSUu2kkFXpoUIMR2QyX3mlsUL5\/hebu","sms":{"error":"Insufficient funds","code":-1}}
Статус код: 200
Ответ: {"type":"OK","phone":"79585810967","token":"$2y$10$Xqxp6lus4RwqocQk3pm0megEBphakrSp.82Tq0qAeqqSKfyiBATOi","sms":{"error":"Insufficient funds","code":-1}}
Статус код: 200
Ответ: {"type":"OK","phone":"79322227149","token":"$2y$10$4VBTfmL5XzfBCMhdHUim9e6DNhaHRkOkaxSqJxKiRZLXL0Yr14Zo2","sms":{"error":"Insufficient funds","code":-1}}
Статус код: 200
Ответ: {"type":"OK","phone":"79947779846","token":"$2y$10$13xJMlQcM0Rp80vmB5LbMOh0EuFIveF5KoDUb6oo0Fdgnu5gGd9w6","sms":{"error":"Insufficient funds","code":-1}}
