Статус код: 200
Ответ: {
    "code": 2,
    "msg": "Извините, нам кажется, что Ваши действия похожи на автоматические.",
    "details": "",
    "get": {
        "device_id": "89d2e60e-2c07-48cc-9d85-dbGrtTGgO",
        "device_platform": "desktop",
        "merchant_keys": "720618dfb469503bfccd297bef310fbc",
        "transaction_type": "delivery",
        "json": "True",
        "lang": "ru",
        "frontend": "modern",
        "phone": "+79847779419"
    },
    "post": []
}Статус код: 200
Ответ: {
    "code": 1,
    "msg": "Sending msg",
    "details": {
        "send_to_phone": "+79585776756",
        "response_sms": {
            "items": [
                {
                    "uuid": "534ee3da-c7a0-11ef-a1db-0242c0a86496",
                    "status": "created",
                    "status_time": 1735667687,
                    "to": "+79585776756"
                }
            ],
            "errors": [],
            "count": 1,
            "success": true
        }
    },
    "get": {
        "device_id": "89d2e60e-2c07-48cc-9d85-ZSeFDFYUJ",
        "device_platform": "desktop",
        "merchant_keys": "720618dfb469503bfccd297bef310fbc",
        "transaction_type": "delivery",
        "json": "True",
        "lang": "ru",
        "frontend": "modern",
        "phone": "+79585776756"
    },
    "post": []
}Статус код: 200
Ответ: {
    "code": 1,
    "msg": "Sending msg",
    "details": {
        "send_to_phone": "+79585813138",
        "response_sms": {
            "items": [
                {
                    "uuid": "8c93a14e-c7a0-11ef-b41e-0242c0a86496",
                    "status": "created",
                    "status_time": 1735667783,
                    "to": "+79585813138"
                }
            ],
            "errors": [],
            "count": 1,
            "success": true
        }
    },
    "get": {
        "device_id": "89d2e60e-2c07-48cc-9d85-LBLlIEjVW",
        "device_platform": "desktop",
        "merchant_keys": "720618dfb469503bfccd297bef310fbc",
        "transaction_type": "delivery",
        "json": "True",
        "lang": "ru",
        "frontend": "modern",
        "phone": "+79585813138"
    },
    "post": []
}Статус код: 200
Ответ: {
    "code": 1,
    "msg": "Sending msg",
    "details": {
        "send_to_phone": "+79585816789",
        "response_sms": {
            "items": [
                {
                    "uuid": "c9721690-c7a0-11ef-8de0-0242c0a86496",
                    "status": "created",
                    "status_time": 1735667886,
                    "to": "+79585816789"
                }
            ],
            "errors": [],
            "count": 1,
            "success": true
        }
    },
    "get": {
        "device_id": "89d2e60e-2c07-48cc-9d85-KPlfuRUPW",
        "device_platform": "desktop",
        "merchant_keys": "720618dfb469503bfccd297bef310fbc",
        "transaction_type": "delivery",
        "json": "True",
        "lang": "ru",
        "frontend": "modern",
        "phone": "+79585816789"
    },
    "post": []
}Статус код: 200
Ответ: {
    "code": 1,
    "msg": "Sending msg",
    "details": {
        "send_to_phone": "+79390091108",
        "response_sms": {
            "items": [
                {
                    "uuid": "e6a2b012-c7a0-11ef-8b22-0242c0a86496",
                    "status": "created",
                    "status_time": 1735667935,
                    "to": "+79390091108"
                }
            ],
            "errors": [],
            "count": 1,
            "success": true
        }
    },
    "get": {
        "device_id": "89d2e60e-2c07-48cc-9d85-fyOCJDGoj",
        "device_platform": "desktop",
        "merchant_keys": "720618dfb469503bfccd297bef310fbc",
        "transaction_type": "delivery",
        "json": "True",
        "lang": "ru",
        "frontend": "modern",
        "phone": "+79390091108"
    },
    "post": []
}Статус код: 200
Ответ: {
    "code": 1,
    "msg": "Sending msg",
    "details": {
        "send_to_phone": "+79849991087",
        "response_sms": {
            "items": [
                {
                    "uuid": "05a285aa-c7a1-11ef-9fe1-0242c0a86496",
                    "status": "created",
                    "status_time": 1735667987,
                    "to": "+79849991087"
                }
            ],
            "errors": [],
            "count": 1,
            "success": true
        }
    },
    "get": {
        "device_id": "89d2e60e-2c07-48cc-9d85-JInqGFmui",
        "device_platform": "desktop",
        "merchant_keys": "720618dfb469503bfccd297bef310fbc",
        "transaction_type": "delivery",
        "json": "True",
        "lang": "ru",
        "frontend": "modern",
        "phone": "+79849991087"
    },
    "post": []
}Статус код: 200
Ответ: {
    "code": 1,
    "msg": "Sending msg",
    "details": {
        "send_to_phone": "+79917776083",
        "response_sms": {
            "items": [
                {
                    "uuid": "3f44fbc6-c7a1-11ef-8504-0242c0a86496",
                    "status": "created",
                    "status_time": 1735668083,
                    "to": "+79917776083"
                }
            ],
            "errors": [],
            "count": 1,
            "success": true
        }
    },
    "get": {
        "device_id": "89d2e60e-2c07-48cc-9d85-YxtokaHDP",
        "device_platform": "desktop",
        "merchant_keys": "720618dfb469503bfccd297bef310fbc",
        "transaction_type": "delivery",
        "json": "True",
        "lang": "ru",
        "frontend": "modern",
        "phone": "+79917776083"
    },
    "post": []
}Статус код: 200
Ответ: {
    "code": 1,
    "msg": "Sending msg",
    "details": {
        "send_to_phone": "+79585819017",
        "response_sms": {
            "items": [
                {
                    "uuid": "67a9c10a-c7a1-11ef-8543-0242c0a86496",
                    "status": "created",
                    "status_time": 1735668151,
                    "to": "+79585819017"
                }
            ],
            "errors": [],
            "count": 1,
            "success": true
        }
    },
    "get": {
        "device_id": "89d2e60e-2c07-48cc-9d85-pMzeLZckz",
        "device_platform": "desktop",
        "merchant_keys": "720618dfb469503bfccd297bef310fbc",
        "transaction_type": "delivery",
        "json": "True",
        "lang": "ru",
        "frontend": "modern",
        "phone": "+79585819017"
    },
    "post": []
}Статус код: 200
Ответ: {
    "code": 2,
    "msg": "Извините, нам кажется, что Ваши действия похожи на автоматические.",
    "details": "",
    "get": {
        "device_id": "89d2e60e-2c07-48cc-9d85-IsVxJTBem",
        "device_platform": "desktop",
        "merchant_keys": "720618dfb469503bfccd297bef310fbc",
        "transaction_type": "delivery",
        "json": "True",
        "lang": "ru",
        "frontend": "modern",
        "phone": "+79918889643"
    },
    "post": []
}Статус код: 200
Ответ: {
    "code": 1,
    "msg": "Sending msg",
    "details": {
        "send_to_phone": "+79849997934",
        "response_sms": {
            "items": [
                {
                    "uuid": "a3093b7c-c7a1-11ef-ab20-0242c0a86496",
                    "status": "created",
                    "status_time": 1735668251,
                    "to": "+79849997934"
                }
            ],
            "errors": [],
            "count": 1,
            "success": true
        }
    },
    "get": {
        "device_id": "89d2e60e-2c07-48cc-9d85-foUIleTpn",
        "device_platform": "desktop",
        "merchant_keys": "720618dfb469503bfccd297bef310fbc",
        "transaction_type": "delivery",
        "json": "True",
        "lang": "ru",
        "frontend": "modern",
        "phone": "+79849997934"
    },
    "post": []
}Статус код: 200
Ответ: {
    "code": 1,
    "msg": "Sending msg",
    "details": {
        "send_to_phone": "+79915556841",
        "response_sms": {
            "items": [
                {
                    "uuid": "b542927a-c7a1-11ef-be44-0242c0a86496",
                    "status": "created",
                    "status_time": 1735668281,
                    "to": "+79915556841"
                }
            ],
            "errors": [],
            "count": 1,
            "success": true
        }
    },
    "get": {
        "device_id": "89d2e60e-2c07-48cc-9d85-PPNdseTVT",
        "device_platform": "desktop",
        "merchant_keys": "720618dfb469503bfccd297bef310fbc",
        "transaction_type": "delivery",
        "json": "True",
        "lang": "ru",
        "frontend": "modern",
        "phone": "+79915556841"
    },
    "post": []
}Статус код: 200
Ответ: {
    "code": 1,
    "msg": "Sending msg",
    "details": {
        "send_to_phone": "+79585829432",
        "response_sms": {
            "items": [
                {
                    "uuid": "cc31418e-c7a1-11ef-b548-0242c0a86496",
                    "status": "created",
                    "status_time": 1735668320,
                    "to": "+79585829432"
                }
            ],
            "errors": [],
            "count": 1,
            "success": true
        }
    },
    "get": {
        "device_id": "89d2e60e-2c07-48cc-9d85-gLYUWLGUV",
        "device_platform": "desktop",
        "merchant_keys": "720618dfb469503bfccd297bef310fbc",
        "transaction_type": "delivery",
        "json": "True",
        "lang": "ru",
        "frontend": "modern",
        "phone": "+79585829432"
    },
    "post": []
}Статус код: 200
Ответ: {
    "code": 2,
    "msg": "Извините, нам кажется, что Ваши действия похожи на автоматические.",
    "details": "",
    "get": {
        "device_id": "89d2e60e-2c07-48cc-9d85-tfXAASDtQ",
        "device_platform": "desktop",
        "merchant_keys": "720618dfb469503bfccd297bef310fbc",
        "transaction_type": "delivery",
        "json": "True",
        "lang": "ru",
        "frontend": "modern",
        "phone": "+79585829010"
    },
    "post": []
}Статус код: 200
Ответ: {
    "code": 1,
    "msg": "Sending msg",
    "details": {
        "send_to_phone": "+79585778807",
        "response_sms": {
            "items": [
                {
                    "uuid": "459cb0d0-c7a2-11ef-9aea-0242c0a86496",
                    "status": "created",
                    "status_time": 1735668523,
                    "to": "+79585778807"
                }
            ],
            "errors": [],
            "count": 1,
            "success": true
        }
    },
    "get": {
        "device_id": "89d2e60e-2c07-48cc-9d85-ZijSLuOZf",
        "device_platform": "desktop",
        "merchant_keys": "720618dfb469503bfccd297bef310fbc",
        "transaction_type": "delivery",
        "json": "True",
        "lang": "ru",
        "frontend": "modern",
        "phone": "+79585778807"
    },
    "post": []
}Статус код: 200
Ответ: {
    "code": 1,
    "msg": "Sending msg",
    "details": {
        "send_to_phone": "+79585811619",
        "response_sms": {
            "items": [
                {
                    "uuid": "5a7c73d2-c7a2-11ef-ae8f-0242c0a86496",
                    "status": "created",
                    "status_time": 1735668558,
                    "to": "+79585811619"
                }
            ],
            "errors": [],
            "count": 1,
            "success": true
        }
    },
    "get": {
        "device_id": "89d2e60e-2c07-48cc-9d85-WlvosQzOn",
        "device_platform": "desktop",
        "merchant_keys": "720618dfb469503bfccd297bef310fbc",
        "transaction_type": "delivery",
        "json": "True",
        "lang": "ru",
        "frontend": "modern",
        "phone": "+79585811619"
    },
    "post": []
}Статус код: 200
Ответ: {
    "code": 2,
    "msg": "Извините, нам кажется, что Ваши действия похожи на автоматические.",
    "details": "",
    "get": {
        "device_id": "89d2e60e-2c07-48cc-9d85-XBCGUIVxd",
        "device_platform": "desktop",
        "merchant_keys": "720618dfb469503bfccd297bef310fbc",
        "transaction_type": "delivery",
        "json": "True",
        "lang": "ru",
        "frontend": "modern",
        "phone": "+79585830524"
    },
    "post": []
}Статус код: 200
Ответ: {
    "code": 1,
    "msg": "Sending msg",
    "details": {
        "send_to_phone": "+79585829116",
        "response_sms": {
            "items": [
                {
                    "uuid": "a340ad72-c7a2-11ef-86f4-0242c0a86496",
                    "status": "created",
                    "status_time": 1735668680,
                    "to": "+79585829116"
                }
            ],
            "errors": [],
            "count": 1,
            "success": true
        }
    },
    "get": {
        "device_id": "89d2e60e-2c07-48cc-9d85-QhclfNXwN",
        "device_platform": "desktop",
        "merchant_keys": "720618dfb469503bfccd297bef310fbc",
        "transaction_type": "delivery",
        "json": "True",
        "lang": "ru",
        "frontend": "modern",
        "phone": "+79585829116"
    },
    "post": []
}Статус код: 200
Ответ: {
    "code": 1,
    "msg": "Sending msg",
    "details": {
        "send_to_phone": "+79585810449",
        "response_sms": {
            "items": [
                {
                    "uuid": "b64d2698-c7a2-11ef-8ce5-0242c0a86496",
                    "status": "created",
                    "status_time": 1735668712,
                    "to": "+79585810449"
                }
            ],
            "errors": [],
            "count": 1,
            "success": true
        }
    },
    "get": {
        "device_id": "89d2e60e-2c07-48cc-9d85-tqLvmXJtZ",
        "device_platform": "desktop",
        "merchant_keys": "720618dfb469503bfccd297bef310fbc",
        "transaction_type": "delivery",
        "json": "True",
        "lang": "ru",
        "frontend": "modern",
        "phone": "+79585810449"
    },
    "post": []
}Статус код: 200
Ответ: {
    "code": 2,
    "msg": "Извините, нам кажется, что Ваши действия похожи на автоматические.",
    "details": "",
    "get": {
        "device_id": "89d2e60e-2c07-48cc-9d85-xCFpQATpS",
        "device_platform": "desktop",
        "merchant_keys": "720618dfb469503bfccd297bef310fbc",
        "transaction_type": "delivery",
        "json": "True",
        "lang": "ru",
        "frontend": "modern",
        "phone": "+79585777450"
    },
    "post": []
}Статус код: 200
Ответ: {
    "code": 2,
    "msg": "Извините, нам кажется, что Ваши действия похожи на автоматические.",
    "details": "",
    "get": {
        "device_id": "89d2e60e-2c07-48cc-9d85-baZUnXTRn",
        "device_platform": "desktop",
        "merchant_keys": "720618dfb469503bfccd297bef310fbc",
        "transaction_type": "delivery",
        "json": "True",
        "lang": "ru",
        "frontend": "modern",
        "phone": "+79917776037"
    },
    "post": []
}Статус код: 200
Ответ: {
    "code": 1,
    "msg": "Sending msg",
    "details": {
        "send_to_phone": "+79844448379",
        "response_sms": {
            "items": [
                {
                    "uuid": "3b25a6ec-c7a3-11ef-9a12-0242c0a86496",
                    "status": "created",
                    "status_time": 1735668935,
                    "to": "+79844448379"
                }
            ],
            "errors": [],
            "count": 1,
            "success": true
        }
    },
    "get": {
        "device_id": "89d2e60e-2c07-48cc-9d85-mPAhAhSeV",
        "device_platform": "desktop",
        "merchant_keys": "720618dfb469503bfccd297bef310fbc",
        "transaction_type": "delivery",
        "json": "True",
        "lang": "ru",
        "frontend": "modern",
        "phone": "+79844448379"
    },
    "post": []
}Статус код: 200
Ответ: {
    "code": 2,
    "msg": "Извините, нам кажется, что Ваши действия похожи на автоматические.",
    "details": "",
    "get": {
        "device_id": "89d2e60e-2c07-48cc-9d85-kUNLqrtsv",
        "device_platform": "desktop",
        "merchant_keys": "720618dfb469503bfccd297bef310fbc",
        "transaction_type": "delivery",
        "json": "True",
        "lang": "ru",
        "frontend": "modern",
        "phone": "+79847070567"
    },
    "post": []
}Статус код: 200
Ответ: {
    "code": 1,
    "msg": "Sending msg",
    "details": {
        "send_to_phone": "+79844442439",
        "response_sms": {
            "items": [
                {
                    "uuid": "761262fe-c7a3-11ef-9db1-0242c0a86496",
                    "status": "created",
                    "status_time": 1735669034,
                    "to": "+79844442439"
                }
            ],
            "errors": [],
            "count": 1,
            "success": true
        }
    },
    "get": {
        "device_id": "89d2e60e-2c07-48cc-9d85-stpHBXeKb",
        "device_platform": "desktop",
        "merchant_keys": "720618dfb469503bfccd297bef310fbc",
        "transaction_type": "delivery",
        "json": "True",
        "lang": "ru",
        "frontend": "modern",
        "phone": "+79844442439"
    },
    "post": []
}Статус код: 200
Ответ: {
    "code": 2,
    "msg": "Извините, нам кажется, что Ваши действия похожи на автоматические.",
    "details": "",
    "get": {
        "device_id": "89d2e60e-2c07-48cc-9d85-NMZmZbwav",
        "device_platform": "desktop",
        "merchant_keys": "720618dfb469503bfccd297bef310fbc",
        "transaction_type": "delivery",
        "json": "True",
        "lang": "ru",
        "frontend": "modern",
        "phone": "+79320007919"
    },
    "post": []
}Статус код: 200
Ответ: {
    "code": 1,
    "msg": "Sending msg",
    "details": {
        "send_to_phone": "+79847778715",
        "response_sms": {
            "items": [
                {
                    "uuid": "d570c8a8-c7a3-11ef-9a7f-0242c0a86496",
                    "status": "created",
                    "status_time": 1735669194,
                    "to": "+79847778715"
                }
            ],
            "errors": [],
            "count": 1,
            "success": true
        }
    },
    "get": {
        "device_id": "89d2e60e-2c07-48cc-9d85-iqPqaWwWz",
        "device_platform": "desktop",
        "merchant_keys": "720618dfb469503bfccd297bef310fbc",
        "transaction_type": "delivery",
        "json": "True",
        "lang": "ru",
        "frontend": "modern",
        "phone": "+79847778715"
    },
    "post": []
}Статус код: 200
Ответ: {
    "code": 1,
    "msg": "Sending msg",
    "details": {
        "send_to_phone": "+79844442139",
        "response_sms": {
            "items": [
                {
                    "uuid": "f2446b10-c7a3-11ef-a8e6-0242c0a86496",
                    "status": "created",
                    "status_time": 1735669243,
                    "to": "+79844442139"
                }
            ],
            "errors": [],
            "count": 1,
            "success": true
        }
    },
    "get": {
        "device_id": "89d2e60e-2c07-48cc-9d85-CNmrLjCPp",
        "device_platform": "desktop",
        "merchant_keys": "720618dfb469503bfccd297bef310fbc",
        "transaction_type": "delivery",
        "json": "True",
        "lang": "ru",
        "frontend": "modern",
        "phone": "+79844442139"
    },
    "post": []
}Статус код: 200
Ответ: {
    "code": 1,
    "msg": "Sending msg",
    "details": {
        "send_to_phone": "+79585815127",
        "response_sms": {
            "items": [
                {
                    "uuid": "034d313a-c7a4-11ef-bf71-0242c0a86496",
                    "status": "created",
                    "status_time": 1735669271,
                    "to": "+79585815127"
                }
            ],
            "errors": [],
            "count": 1,
            "success": true
        }
    },
    "get": {
        "device_id": "89d2e60e-2c07-48cc-9d85-nrxPlOtIV",
        "device_platform": "desktop",
        "merchant_keys": "720618dfb469503bfccd297bef310fbc",
        "transaction_type": "delivery",
        "json": "True",
        "lang": "ru",
        "frontend": "modern",
        "phone": "+79585815127"
    },
    "post": []
}Статус код: 200
Ответ: {
    "code": 1,
    "msg": "Sending msg",
    "details": {
        "send_to_phone": "+79585829280",
        "response_sms": {
            "items": [
                {
                    "uuid": "2bdcd5d8-c7a4-11ef-be04-0242c0a86496",
                    "status": "created",
                    "status_time": 1735669339,
                    "to": "+79585829280"
                }
            ],
            "errors": [],
            "count": 1,
            "success": true
        }
    },
    "get": {
        "device_id": "89d2e60e-2c07-48cc-9d85-JETJXcGFZ",
        "device_platform": "desktop",
        "merchant_keys": "720618dfb469503bfccd297bef310fbc",
        "transaction_type": "delivery",
        "json": "True",
        "lang": "ru",
        "frontend": "modern",
        "phone": "+79585829280"
    },
    "post": []
}Статус код: 200
Ответ: {
    "code": 2,
    "msg": "Извините, нам кажется, что Ваши действия похожи на автоматические.",
    "details": "",
    "get": {
        "device_id": "89d2e60e-2c07-48cc-9d85-kAPHzwoCG",
        "device_platform": "desktop",
        "merchant_keys": "720618dfb469503bfccd297bef310fbc",
        "transaction_type": "delivery",
        "json": "True",
        "lang": "ru",
        "frontend": "modern",
        "phone": "+79844449778"
    },
    "post": []
}Статус код: 200
Ответ: {
    "code": 1,
    "msg": "Sending msg",
    "details": {
        "send_to_phone": "+79585774676",
        "response_sms": {
            "items": [
                {
                    "uuid": "5ff4d7bc-c7a4-11ef-933d-0242c0a86496",
                    "status": "created",
                    "status_time": 1735669427,
                    "to": "+79585774676"
                }
            ],
            "errors": [],
            "count": 1,
            "success": true
        }
    },
    "get": {
        "device_id": "89d2e60e-2c07-48cc-9d85-qRVIQhzhX",
        "device_platform": "desktop",
        "merchant_keys": "720618dfb469503bfccd297bef310fbc",
        "transaction_type": "delivery",
        "json": "True",
        "lang": "ru",
        "frontend": "modern",
        "phone": "+79585774676"
    },
    "post": []
}Статус код: 200
Ответ: {
    "code": 1,
    "msg": "Sending msg",
    "details": {
        "send_to_phone": "+79947776574",
        "response_sms": {
            "items": [
                {
                    "uuid": "9934b678-c7a4-11ef-a941-0242c0a86496",
                    "status": "created",
                    "status_time": 1735669523,
                    "to": "+79947776574"
                }
            ],
            "errors": [],
            "count": 1,
            "success": true
        }
    },
    "get": {
        "device_id": "89d2e60e-2c07-48cc-9d85-HIvqpUfOW",
        "device_platform": "desktop",
        "merchant_keys": "720618dfb469503bfccd297bef310fbc",
        "transaction_type": "delivery",
        "json": "True",
        "lang": "ru",
        "frontend": "modern",
        "phone": "+79947776574"
    },
    "post": []
}Статус код: 200
Ответ: {
    "code": 1,
    "msg": "Sending msg",
    "details": {
        "send_to_phone": "+79390090450",
        "response_sms": {
            "items": [
                {
                    "uuid": "bbc87224-c7a4-11ef-9e5a-0242c0a86496",
                    "status": "created",
                    "status_time": 1735669581,
                    "to": "+79390090450"
                }
            ],
            "errors": [],
            "count": 1,
            "success": true
        }
    },
    "get": {
        "device_id": "89d2e60e-2c07-48cc-9d85-slboAKpxX",
        "device_platform": "desktop",
        "merchant_keys": "720618dfb469503bfccd297bef310fbc",
        "transaction_type": "delivery",
        "json": "True",
        "lang": "ru",
        "frontend": "modern",
        "phone": "+79390090450"
    },
    "post": []
}Статус код: 200
Ответ: {
    "code": 1,
    "msg": "Sending msg",
    "details": {
        "send_to_phone": "+79915557206",
        "response_sms": {
            "items": [
                {
                    "uuid": "d4d7bac2-c7a4-11ef-a62b-0242c0a86496",
                    "status": "created",
                    "status_time": 1735669623,
                    "to": "+79915557206"
                }
            ],
            "errors": [],
            "count": 1,
            "success": true
        }
    },
    "get": {
        "device_id": "89d2e60e-2c07-48cc-9d85-eaigvmLdT",
        "device_platform": "desktop",
        "merchant_keys": "720618dfb469503bfccd297bef310fbc",
        "transaction_type": "delivery",
        "json": "True",
        "lang": "ru",
        "frontend": "modern",
        "phone": "+79915557206"
    },
    "post": []
}Статус код: 200
Ответ: {
    "code": 2,
    "msg": "Извините, нам кажется, что Ваши действия похожи на автоматические.",
    "details": "",
    "get": {
        "device_id": "89d2e60e-2c07-48cc-9d85-FpPPXdsKw",
        "device_platform": "desktop",
        "merchant_keys": "720618dfb469503bfccd297bef310fbc",
        "transaction_type": "delivery",
        "json": "True",
        "lang": "ru",
        "frontend": "modern",
        "phone": "+79585825971"
    },
    "post": []
}Статус код: 200
Ответ: {
    "code": 2,
    "msg": "Извините, нам кажется, что Ваши действия похожи на автоматические.",
    "details": "",
    "get": {
        "device_id": "89d2e60e-2c07-48cc-9d85-AsuHCfgsK",
        "device_platform": "desktop",
        "merchant_keys": "720618dfb469503bfccd297bef310fbc",
        "transaction_type": "delivery",
        "json": "True",
        "lang": "ru",
        "frontend": "modern",
        "phone": "+79585830830"
    },
    "post": []
}Статус код: 200
Ответ: {
    "code": 1,
    "msg": "Sending msg",
    "details": {
        "send_to_phone": "+79847070937",
        "response_sms": {
            "items": [
                {
                    "uuid": "2e6badc8-c7a5-11ef-93e7-0242c0a86496",
                    "status": "created",
                    "status_time": 1735669773,
                    "to": "+79847070937"
                }
            ],
            "errors": [],
            "count": 1,
            "success": true
        }
    },
    "get": {
        "device_id": "89d2e60e-2c07-48cc-9d85-ImpgyIIhK",
        "device_platform": "desktop",
        "merchant_keys": "720618dfb469503bfccd297bef310fbc",
        "transaction_type": "delivery",
        "json": "True",
        "lang": "ru",
        "frontend": "modern",
        "phone": "+79847070937"
    },
    "post": []
}Статус код: 200
Ответ: {
    "code": 2,
    "msg": "Извините, нам кажется, что Ваши действия похожи на автоматические.",
    "details": "",
    "get": {
        "device_id": "89d2e60e-2c07-48cc-9d85-xGvQzKzzl",
        "device_platform": "desktop",
        "merchant_keys": "720618dfb469503bfccd297bef310fbc",
        "transaction_type": "delivery",
        "json": "True",
        "lang": "ru",
        "frontend": "modern",
        "phone": "+79917775403"
    },
    "post": []
}Статус код: 200
Ответ: {
    "code": 2,
    "msg": "Извините, нам кажется, что Ваши действия похожи на автоматические.",
    "details": "",
    "get": {
        "device_id": "89d2e60e-2c07-48cc-9d85-IiaGrHIlh",
        "device_platform": "desktop",
        "merchant_keys": "720618dfb469503bfccd297bef310fbc",
        "transaction_type": "delivery",
        "json": "True",
        "lang": "ru",
        "frontend": "modern",
        "phone": "+79585810676"
    },
    "post": []
}Статус код: 200
Ответ: {
    "code": 1,
    "msg": "Sending msg",
    "details": {
        "send_to_phone": "+79320004238",
        "response_sms": {
            "items": [
                {
                    "uuid": "9c489694-c7a5-11ef-baea-0242c0a86496",
                    "status": "created",
                    "status_time": 1735669957,
                    "to": "+79320004238"
                }
            ],
            "errors": [],
            "count": 1,
            "success": true
        }
    },
    "get": {
        "device_id": "89d2e60e-2c07-48cc-9d85-cQrUczueH",
        "device_platform": "desktop",
        "merchant_keys": "720618dfb469503bfccd297bef310fbc",
        "transaction_type": "delivery",
        "json": "True",
        "lang": "ru",
        "frontend": "modern",
        "phone": "+79320004238"
    },
    "post": []
}Статус код: 200
Ответ: {
    "code": 2,
    "msg": "Извините, нам кажется, что Ваши действия похожи на автоматические.",
    "details": "",
    "get": {
        "device_id": "89d2e60e-2c07-48cc-9d85-XteIXKpHR",
        "device_platform": "desktop",
        "merchant_keys": "720618dfb469503bfccd297bef310fbc",
        "transaction_type": "delivery",
        "json": "True",
        "lang": "ru",
        "frontend": "modern",
        "phone": "+79318886894"
    },
    "post": []
}Статус код: 200
Ответ: {
    "code": 1,
    "msg": "Sending msg",
    "details": {
        "send_to_phone": "+79585808551",
        "response_sms": {
            "items": [
                {
                    "uuid": "d34cd70e-c7a5-11ef-b839-0242c0a86496",
                    "status": "created",
                    "status_time": 1735670050,
                    "to": "+79585808551"
                }
            ],
            "errors": [],
            "count": 1,
            "success": true
        }
    },
    "get": {
        "device_id": "89d2e60e-2c07-48cc-9d85-JHuPVbWAU",
        "device_platform": "desktop",
        "merchant_keys": "720618dfb469503bfccd297bef310fbc",
        "transaction_type": "delivery",
        "json": "True",
        "lang": "ru",
        "frontend": "modern",
        "phone": "+79585808551"
    },
    "post": []
}Статус код: 200
Ответ: {
    "code": 1,
    "msg": "Sending msg",
    "details": {
        "send_to_phone": "+79844441209",
        "response_sms": {
            "items": [
                {
                    "uuid": "ee6b723e-c7a5-11ef-9ee4-0242c0a86496",
                    "status": "created",
                    "status_time": 1735670095,
                    "to": "+79844441209"
                }
            ],
            "errors": [],
            "count": 1,
            "success": true
        }
    },
    "get": {
        "device_id": "89d2e60e-2c07-48cc-9d85-dEzpKvXpO",
        "device_platform": "desktop",
        "merchant_keys": "720618dfb469503bfccd297bef310fbc",
        "transaction_type": "delivery",
        "json": "True",
        "lang": "ru",
        "frontend": "modern",
        "phone": "+79844441209"
    },
    "post": []
}Статус код: 200
Ответ: {
    "code": 2,
    "msg": "Извините, нам кажется, что Ваши действия похожи на автоматические.",
    "details": "",
    "get": {
        "device_id": "89d2e60e-2c07-48cc-9d85-AgwCzicoj",
        "device_platform": "desktop",
        "merchant_keys": "720618dfb469503bfccd297bef310fbc",
        "transaction_type": "delivery",
        "json": "True",
        "lang": "ru",
        "frontend": "modern",
        "phone": "+79849991897"
    },
    "post": []
}Статус код: 200
Ответ: {
    "code": 1,
    "msg": "Sending msg",
    "details": {
        "send_to_phone": "+79847775843",
        "response_sms": {
            "items": [
                {
                    "uuid": "28c78c38-c7a6-11ef-9afd-0242c0a86496",
                    "status": "created",
                    "status_time": 1735670193,
                    "to": "+79847775843"
                }
            ],
            "errors": [],
            "count": 1,
            "success": true
        }
    },
    "get": {
        "device_id": "89d2e60e-2c07-48cc-9d85-jOKPCBugs",
        "device_platform": "desktop",
        "merchant_keys": "720618dfb469503bfccd297bef310fbc",
        "transaction_type": "delivery",
        "json": "True",
        "lang": "ru",
        "frontend": "modern",
        "phone": "+79847775843"
    },
    "post": []
}Статус код: 200
Ответ: {
    "code": 1,
    "msg": "Sending msg",
    "details": {
        "send_to_phone": "+79868887908",
        "response_sms": {
            "items": [
                {
                    "uuid": "386db04a-c7a6-11ef-9ff8-0242c0a86496",
                    "status": "created",
                    "status_time": 1735670219,
                    "to": "+79868887908"
                }
            ],
            "errors": [],
            "count": 1,
            "success": true
        }
    },
    "get": {
        "device_id": "89d2e60e-2c07-48cc-9d85-yxEumuAfX",
        "device_platform": "desktop",
        "merchant_keys": "720618dfb469503bfccd297bef310fbc",
        "transaction_type": "delivery",
        "json": "True",
        "lang": "ru",
        "frontend": "modern",
        "phone": "+79868887908"
    },
    "post": []
}Статус код: 200
Ответ: {
    "code": 1,
    "msg": "Sending msg",
    "details": {
        "send_to_phone": "+79585771992",
        "response_sms": {
            "items": [
                {
                    "uuid": "6560e428-c7a6-11ef-8d0b-0242c0a86496",
                    "status": "created",
                    "status_time": 1735670295,
                    "to": "+79585771992"
                }
            ],
            "errors": [],
            "count": 1,
            "success": true
        }
    },
    "get": {
        "device_id": "89d2e60e-2c07-48cc-9d85-fyWuENpTm",
        "device_platform": "desktop",
        "merchant_keys": "720618dfb469503bfccd297bef310fbc",
        "transaction_type": "delivery",
        "json": "True",
        "lang": "ru",
        "frontend": "modern",
        "phone": "+79585771992"
    },
    "post": []
}Статус код: 200
Ответ: {
    "code": 1,
    "msg": "Sending msg",
    "details": {
        "send_to_phone": "+79585830185",
        "response_sms": {
            "items": [
                {
                    "uuid": "75215adc-c7a6-11ef-89b9-0242c0a86496",
                    "status": "created",
                    "status_time": 1735670321,
                    "to": "+79585830185"
                }
            ],
            "errors": [],
            "count": 1,
            "success": true
        }
    },
    "get": {
        "device_id": "89d2e60e-2c07-48cc-9d85-DnJrRmHgk",
        "device_platform": "desktop",
        "merchant_keys": "720618dfb469503bfccd297bef310fbc",
        "transaction_type": "delivery",
        "json": "True",
        "lang": "ru",
        "frontend": "modern",
        "phone": "+79585830185"
    },
    "post": []
}Статус код: 200
Ответ: {
    "code": 1,
    "msg": "Sending msg",
    "details": {
        "send_to_phone": "+79320004904",
        "response_sms": {
            "items": [
                {
                    "uuid": "88a6b7e6-c7a6-11ef-995d-0242c0a86496",
                    "status": "created",
                    "status_time": 1735670354,
                    "to": "+79320004904"
                }
            ],
            "errors": [],
            "count": 1,
            "success": true
        }
    },
    "get": {
        "device_id": "89d2e60e-2c07-48cc-9d85-cuRsdbhEy",
        "device_platform": "desktop",
        "merchant_keys": "720618dfb469503bfccd297bef310fbc",
        "transaction_type": "delivery",
        "json": "True",
        "lang": "ru",
        "frontend": "modern",
        "phone": "+79320004904"
    },
    "post": []
}Статус код: 200
Ответ: {
    "code": 1,
    "msg": "Sending msg",
    "details": {
        "send_to_phone": "+79585776225",
        "response_sms": {
            "items": [
                {
                    "uuid": "95bee868-c7a6-11ef-b945-0242c0a86496",
                    "status": "created",
                    "status_time": 1735670376,
                    "to": "+79585776225"
                }
            ],
            "errors": [],
            "count": 1,
            "success": true
        }
    },
    "get": {
        "device_id": "89d2e60e-2c07-48cc-9d85-AFUSjPDmu",
        "device_platform": "desktop",
        "merchant_keys": "720618dfb469503bfccd297bef310fbc",
        "transaction_type": "delivery",
        "json": "True",
        "lang": "ru",
        "frontend": "modern",
        "phone": "+79585776225"
    },
    "post": []
}Статус код: 200
Ответ: {
    "code": 1,
    "msg": "Sending msg",
    "details": {
        "send_to_phone": "+79320004768",
        "response_sms": {
            "items": [
                {
                    "uuid": "b01c6546-c7a6-11ef-9a03-0242c0a86496",
                    "status": "created",
                    "status_time": 1735670420,
                    "to": "+79320004768"
                }
            ],
            "errors": [],
            "count": 1,
            "success": true
        }
    },
    "get": {
        "device_id": "89d2e60e-2c07-48cc-9d85-UlIiFAmXv",
        "device_platform": "desktop",
        "merchant_keys": "720618dfb469503bfccd297bef310fbc",
        "transaction_type": "delivery",
        "json": "True",
        "lang": "ru",
        "frontend": "modern",
        "phone": "+79320004768"
    },
    "post": []
}Статус код: 200
Ответ: {
    "code": 1,
    "msg": "Sending msg",
    "details": {
        "send_to_phone": "+79585822787",
        "response_sms": {
            "items": [
                {
                    "uuid": "c7497268-c7a6-11ef-8da5-0242c0a86496",
                    "status": "created",
                    "status_time": 1735670459,
                    "to": "+79585822787"
                }
            ],
            "errors": [],
            "count": 1,
            "success": true
        }
    },
    "get": {
        "device_id": "89d2e60e-2c07-48cc-9d85-eAEHKuInN",
        "device_platform": "desktop",
        "merchant_keys": "720618dfb469503bfccd297bef310fbc",
        "transaction_type": "delivery",
        "json": "True",
        "lang": "ru",
        "frontend": "modern",
        "phone": "+79585822787"
    },
    "post": []
}Статус код: 200
Ответ: {
    "code": 1,
    "msg": "Sending msg",
    "details": {
        "send_to_phone": "+79849998596",
        "response_sms": {
            "items": [
                {
                    "uuid": "06848fda-c7a7-11ef-942c-0242c0a86496",
                    "status": "created",
                    "status_time": 1735670565,
                    "to": "+79849998596"
                }
            ],
            "errors": [],
            "count": 1,
            "success": true
        }
    },
    "get": {
        "device_id": "89d2e60e-2c07-48cc-9d85-htOHiDXGI",
        "device_platform": "desktop",
        "merchant_keys": "720618dfb469503bfccd297bef310fbc",
        "transaction_type": "delivery",
        "json": "True",
        "lang": "ru",
        "frontend": "modern",
        "phone": "+79849998596"
    },
    "post": []
}Статус код: 200
Ответ: {
    "code": 1,
    "msg": "Sending msg",
    "details": {
        "send_to_phone": "+79322228397",
        "response_sms": {
            "items": [
                {
                    "uuid": "1f6af2e6-c7a7-11ef-b21a-0242c0a86496",
                    "status": "created",
                    "status_time": 1735670607,
                    "to": "+79322228397"
                }
            ],
            "errors": [],
            "count": 1,
            "success": true
        }
    },
    "get": {
        "device_id": "89d2e60e-2c07-48cc-9d85-poEWzOMXr",
        "device_platform": "desktop",
        "merchant_keys": "720618dfb469503bfccd297bef310fbc",
        "transaction_type": "delivery",
        "json": "True",
        "lang": "ru",
        "frontend": "modern",
        "phone": "+79322228397"
    },
    "post": []
}Статус код: 200
Ответ: {
    "code": 1,
    "msg": "Sending msg",
    "details": {
        "send_to_phone": "+79585833230",
        "response_sms": {
            "items": [
                {
                    "uuid": "38d47e82-c7a7-11ef-8efc-0242c0a86496",
                    "status": "created",
                    "status_time": 1735670649,
                    "to": "+79585833230"
                }
            ],
            "errors": [],
            "count": 1,
            "success": true
        }
    },
    "get": {
        "device_id": "89d2e60e-2c07-48cc-9d85-edLBwscTd",
        "device_platform": "desktop",
        "merchant_keys": "720618dfb469503bfccd297bef310fbc",
        "transaction_type": "delivery",
        "json": "True",
        "lang": "ru",
        "frontend": "modern",
        "phone": "+79585833230"
    },
    "post": []
}Статус код: 200
Ответ: {
    "code": 1,
    "msg": "Sending msg",
    "details": {
        "send_to_phone": "+79322223780",
        "response_sms": {
            "items": [
                {
                    "uuid": "53053fc6-c7a7-11ef-ae02-0242c0a86496",
                    "status": "created",
                    "status_time": 1735670693,
                    "to": "+79322223780"
                }
            ],
            "errors": [],
            "count": 1,
            "success": true
        }
    },
    "get": {
        "device_id": "89d2e60e-2c07-48cc-9d85-FAjgbdCrD",
        "device_platform": "desktop",
        "merchant_keys": "720618dfb469503bfccd297bef310fbc",
        "transaction_type": "delivery",
        "json": "True",
        "lang": "ru",
        "frontend": "modern",
        "phone": "+79322223780"
    },
    "post": []
}Статус код: 200
Ответ: {
    "code": 1,
    "msg": "Sending msg",
    "details": {
        "send_to_phone": "+79585808474",
        "response_sms": {
            "items": [
                {
                    "uuid": "6a25f0b0-c7a7-11ef-8682-0242c0a86496",
                    "status": "created",
                    "status_time": 1735670732,
                    "to": "+79585808474"
                }
            ],
            "errors": [],
            "count": 1,
            "success": true
        }
    },
    "get": {
        "device_id": "89d2e60e-2c07-48cc-9d85-KPsAMJNBI",
        "device_platform": "desktop",
        "merchant_keys": "720618dfb469503bfccd297bef310fbc",
        "transaction_type": "delivery",
        "json": "True",
        "lang": "ru",
        "frontend": "modern",
        "phone": "+79585808474"
    },
    "post": []
}Статус код: 200
Ответ: {
    "code": 2,
    "msg": "Извините, нам кажется, что Ваши действия похожи на автоматические.",
    "details": "",
    "get": {
        "device_id": "89d2e60e-2c07-48cc-9d85-pdcvhoTSC",
        "device_platform": "desktop",
        "merchant_keys": "720618dfb469503bfccd297bef310fbc",
        "transaction_type": "delivery",
        "json": "True",
        "lang": "ru",
        "frontend": "modern",
        "phone": "+79844449156"
    },
    "post": []
}Статус код: 200
Ответ: {
    "code": 1,
    "msg": "Sending msg",
    "details": {
        "send_to_phone": "+79585807864",
        "response_sms": {
            "items": [
                {
                    "uuid": "97e3812a-c7a7-11ef-8266-0242c0a86496",
                    "status": "created",
                    "status_time": 1735670809,
                    "to": "+79585807864"
                }
            ],
            "errors": [],
            "count": 1,
            "success": true
        }
    },
    "get": {
        "device_id": "89d2e60e-2c07-48cc-9d85-lZXhyXqdK",
        "device_platform": "desktop",
        "merchant_keys": "720618dfb469503bfccd297bef310fbc",
        "transaction_type": "delivery",
        "json": "True",
        "lang": "ru",
        "frontend": "modern",
        "phone": "+79585807864"
    },
    "post": []
}Статус код: 200
Ответ: {
    "code": 1,
    "msg": "Sending msg",
    "details": {
        "send_to_phone": "+79585808738",
        "response_sms": {
            "items": [
                {
                    "uuid": "de4f8866-c7a7-11ef-86cf-0242c0a86496",
                    "status": "created",
                    "status_time": 1735670927,
                    "to": "+79585808738"
                }
            ],
            "errors": [],
            "count": 1,
            "success": true
        }
    },
    "get": {
        "device_id": "89d2e60e-2c07-48cc-9d85-oCNdENZKl",
        "device_platform": "desktop",
        "merchant_keys": "720618dfb469503bfccd297bef310fbc",
        "transaction_type": "delivery",
        "json": "True",
        "lang": "ru",
        "frontend": "modern",
        "phone": "+79585808738"
    },
    "post": []
}